#
# A fatal error has been detected by the Java Runtime Environment:
#
#  SIGSEGV (0xb) at pc=0x00007fff205e16c4, pid=49209, tid=0x0000000000000f03
#
# JRE version: Java(TM) SE Runtime Environment (8.0_191-b12) (build 1.8.0_191-b12)
# Java VM: Java HotSpot(TM) 64-Bit Server VM (25.191-b12 mixed mode bsd-amd64 compressed oops)
# Problematic frame:
# C  [CoreFoundation+0xb6c4]  CFRelease+0xf
#
# Failed to write core dump. Core dumps have been disabled. To enable core dumping, try "ulimit -c unlimited" before starting Java again
#
# If you would like to submit a bug report, please visit:
#   http://bugreport.java.com/bugreport/crash.jsp
# The crash happened outside the Java Virtual Machine in native code.
# See problematic frame for where to report the bug.
#

---------------  T H R E A D  ---------------

Current thread (0x00007fd2d2009000):  JavaThread "main" [_thread_in_native, id=3843, stack(0x0000700005091000,0x0000700005191000)]

siginfo: si_signo: 11 (SIGSEGV), si_code: 0 (unknown), si_addr: 0x0000000000000000

Registers:
RAX=0x00407fd2d0db8690, RBX=0x00007fd2d0db86f0, RCX=0x00007fff885baf48, RDX=0x00007fff885bbd50
RSP=0x000070000518cfb0, RBP=0x000070000518cfb0, RSI=0x00007fff7c4d8e8f, RDI=0x00407fd2d0db8690
R8 =0x00000000000091be, R9 =0x000000000000003f, R10=0x00007fff885baf48, R11=0x00007fff213a7ba5
R12=0x0000000100000000, R13=0x00007fd2d0db86f0, R14=0x00007fff8027d2d0, R15=0x000000000000001d
RIP=0x00007fff205e16c4, EFLAGS=0x0000000000010246, ERR=0x0000000000000000
  TRAPNO=0x000000000000000d

Top of Stack: (sp=0x000070000518cfb0)
0x000070000518cfb0:   000070000518cfe0 00007fff205ebf65
0x000070000518cfc0:   00007fff205ebf3e 0000000100001d80
0x000070000518cfd0:   ffffffff00000000 000000000000001d
0x000070000518cfe0:   000070000518d130 00007fff20721cf2
0x000070000518cff0:   000070000518d050 ffffffffffffffff
0x000070000518d000:   00007fd240d087a0 0000000000000002
0x000070000518d010:   0000000000000007 00007fd240d04080
0x000070000518d020:   00007fd240d00000 00000001069f9080
0x000070000518d030:   00000001069fce00 0000000000000002
0x000070000518d040:   00000001069fce00 0000000000000007
0x000070000518d050:   00000001069f9080 00007fd240d00000
0x000070000518d060:   000070000518d0d0 00007fff2038a1f9
0x000070000518d070:   ffff802d00000000 00007fd240d1c290
0x000070000518d080:   00007fd240d00000 0000000040d087a0
0x000070000518d090:   00007fff8027d2d0 00007fd240d00007
0x000070000518d0a0:   00007fd240d08730 0000000000601d01
0x000070000518d0b0:   00007fff8027d2d0 00007fd240d087a0
0x000070000518d0c0:   00007fff885baf48 0000000000000000
0x000070000518d0d0:   000070000518d220 00007fff20722079
0x000070000518d0e0:   00007fd2e0d46a90 ffffffffffffffff
0x000070000518d0f0:   000070000518d100 00007fff213a7bc6
0x000070000518d100:   a8a348049d2700f8 00000000000004c1
0x000070000518d110:   00000000000006bb 00007fff80427810
0x000070000518d120:   00007fd2d21d1c00 00007fd2d21d51d8
0x000070000518d130:   000070000518d170 00007fff206040c1
0x000070000518d140:   0000000000000018 000070000518d1d0
0x000070000518d150:   00007fd240c9a9e0 00007fff88b72a01
0x000070000518d160:   00007fd240c9a9e0 0000000000000000
0x000070000518d170:   000070000518d1c0 00007fff20603ff6
0x000070000518d180:   000070000518d1c0 00007fff2041abac
0x000070000518d190:   00007fd240d19150 a8a348049d2700f8
0x000070000518d1a0:   000070000518d1d0 00007fd240c9a9e0 

Instructions: (pc=0x00007fff205e16c4)
0x00007fff205e16a4:   84 04 00 00 00 c3 90 90 90 e9 4c 05 14 00 90 90
0x00007fff205e16b4:   90 55 48 89 e5 48 85 ff 74 5e 40 f6 c7 01 75 3d
0x00007fff205e16c4:   48 8b 4f 08 48 8b 07 48 85 c0 74 2b c1 e9 08 81
0x00007fff205e16d4:   e1 ff 03 00 00 83 f9 07 75 09 48 3b 05 23 fa fd 

Register to memory mapping:

RAX=0x00407fd2d0db8690 is an unknown value
RBX=0x00007fd2d0db86f0 is an unknown value
RCX=0x00007fff885baf48: OBJC_CLASS_$_NSURL+0 in /System/Library/Frameworks/CoreFoundation.framework/Versions/A/CoreFoundation at 0x00007fff205d6000
RDX=0x00007fff885bbd50: __CFRuntimeClassTable+0 in /System/Library/Frameworks/CoreFoundation.framework/Versions/A/CoreFoundation at 0x00007fff205d6000
RSP=0x000070000518cfb0 is pointing into the stack for thread: 0x00007fd2d2009000
RBP=0x000070000518cfb0 is pointing into the stack for thread: 0x00007fd2d2009000
RSI=0x00007fff7c4d8e8f: GCC_except_table772+0x5c0ae5cb in /usr/lib/libobjc.A.dylib at 0x00007fff203f6000
RDI=0x00407fd2d0db8690 is an unknown value
R8 =0x00000000000091be is an unknown value
R9 =0x000000000000003f is an unknown value
R10=0x00007fff885baf48: OBJC_CLASS_$_NSURL+0 in /System/Library/Frameworks/CoreFoundation.framework/Versions/A/CoreFoundation at 0x00007fff205d6000
R11=0x00007fff213a7ba5: -[NSURL(NSURL) release]+0 in /System/Library/Frameworks/Foundation.framework/Versions/C/Foundation at 0x00007fff21383000
R12=0x0000000100000000 is an unknown value
R13=0x00007fd2d0db86f0 is an unknown value
R14=0x00007fff8027d2d0: __kCFAllocatorSystemDefault+0 in /System/Library/Frameworks/CoreFoundation.framework/Versions/A/CoreFoundation at 0x00007fff205d6000
R15=0x000000000000001d is an unknown value


Stack: [0x0000700005091000,0x0000700005191000],  sp=0x000070000518cfb0,  free space=1007k
Native frames: (J=compiled Java code, j=interpreted, Vv=VM code, C=native code)
C  [CoreFoundation+0xb6c4]  CFRelease+0xf
C  [CoreFoundation+0x15f65]  __CFURLDeallocate+0x27
C  [CoreFoundation+0x14bcf2]  _CFRelease+0xf4
C  [CoreFoundation+0x2e0c1]  cow_cleanup+0x86
C  [CoreFoundation+0x2dff6]  -[__NSDictionaryM dealloc]+0x80
C  [libobjc.A.dylib+0x248fe]  _ZN11objc_object17sidetable_releaseEbb+0xe8
C  [CoreFoundation+0x2e0df]  cow_cleanup+0xa4
C  [CoreFoundation+0x2dff6]  -[__NSDictionaryM dealloc]+0x80
C  [libobjc.A.dylib+0x248fe]  _ZN11objc_object17sidetable_releaseEbb+0xe8
C  [CoreText+0x85839]  _ZL39CTFontDescriptorsCopyAttributesInternalPK9__CFArrayPK7__CFSetjb+0xce7
C  [CoreText+0x84b30]  CTFontDescriptorsCopyAttribute+0x4f
C  [AppKit+0x34bc38]  -[NSFontManager availableFontFamilies]+0x91
C  [libawt_lwawt.dylib+0x1d08]  Java_sun_font_CFontManager_loadNativeFonts+0xeb
j  sun.font.CFontManager.loadNativeFonts()V+0
j  sun.font.CFontManager.access$100(Lsun/font/CFontManager;)V+1
j  sun.font.CFontManager$3.run()Ljava/lang/Object;+14
v  ~StubRoutines::call_stub
V  [libjvm.dylib+0x2ef9fe]
V  [libjvm.dylib+0x3502f4]
j  java.security.AccessController.doPrivileged(Ljava/security/PrivilegedAction;)Ljava/lang/Object;+0
j  sun.font.CFontManager.loadFonts()V+19
j  sun.font.SunFontManager.findFont2D(Ljava/lang/String;II)Lsun/font/Font2D;+932
j  java.awt.Font.getFont2D()Lsun/font/Font2D;+86
j  java.awt.Font.access$000(Ljava/awt/Font;)Lsun/font/Font2D;+1
j  java.awt.Font$FontAccessImpl.getFont2D(Ljava/awt/Font;)Lsun/font/Font2D;+1
j  sun.font.FontUtilities.getFont2D(Ljava/awt/Font;)Lsun/font/Font2D;+4
j  sun.font.FontDesignMetrics.initMatrixAndMetrics()V+4
j  sun.font.FontDesignMetrics.<init>(Ljava/awt/Font;Ljava/awt/font/FontRenderContext;)V+62
j  sun.font.FontDesignMetrics.getMetrics(Ljava/awt/Font;Ljava/awt/font/FontRenderContext;)Lsun/font/FontDesignMetrics;+128
j  sun.java2d.SunGraphics2D.getFontMetrics(Ljava/awt/Font;)Ljava/awt/FontMetrics;+25
j  net.sourceforge.plantuml.FileFormat.getJavaDimension(Lnet/sourceforge/plantuml/ugraphic/UFont;Ljava/lang/String;)Lnet/sourceforge/plantuml/Dimension2DDouble;+9
j  net.sourceforge.plantuml.FileFormat.access$000(Lnet/sourceforge/plantuml/FileFormat;Lnet/sourceforge/plantuml/ugraphic/UFont;Ljava/lang/String;)Lnet/sourceforge/plantuml/Dimension2DDouble;+3
j  net.sourceforge.plantuml.FileFormat$1.calculateDimension(Lnet/sourceforge/plantuml/ugraphic/UFont;Ljava/lang/String;)Ljava/awt/geom/Dimension2D;+6
j  net.sourceforge.plantuml.creole.AtomText.calculateDimension(Lnet/sourceforge/plantuml/graphic/StringBounder;)Ljava/awt/geom/Dimension2D;+12
j  net.sourceforge.plantuml.creole.Sea.add(Lnet/sourceforge/plantuml/creole/Atom;)V+5
j  net.sourceforge.plantuml.creole.SheetBlock1.initMap(Lnet/sourceforge/plantuml/graphic/StringBounder;)V+219
j  net.sourceforge.plantuml.creole.SheetBlock1.calculateDimension(Lnet/sourceforge/plantuml/graphic/StringBounder;)Ljava/awt/geom/Dimension2D;+2
j  net.sourceforge.plantuml.creole.SheetBlock2.calculateDimension(Lnet/sourceforge/plantuml/graphic/StringBounder;)Ljava/awt/geom/Dimension2D;+5
j  net.sourceforge.plantuml.skin.AbstractTextualComponent.getPureTextWidth(Lnet/sourceforge/plantuml/graphic/StringBounder;)D+7
j  net.sourceforge.plantuml.skin.rose.ComponentRoseParticipant.getPureTextWidth(Lnet/sourceforge/plantuml/graphic/StringBounder;)D+2
j  net.sourceforge.plantuml.skin.AbstractTextualComponent.getTextWidth(Lnet/sourceforge/plantuml/graphic/StringBounder;)D+2
j  net.sourceforge.plantuml.skin.rose.ComponentRoseParticipant.getPreferredWidth(Lnet/sourceforge/plantuml/graphic/StringBounder;)D+2
j  net.sourceforge.plantuml.sequencediagram.graphic.ParticipantBox.getMaxX(Lnet/sourceforge/plantuml/graphic/StringBounder;)D+9
j  net.sourceforge.plantuml.sequencediagram.graphic.DrawableSetInitializer.prepareParticipant(Lnet/sourceforge/plantuml/graphic/StringBounder;Lnet/sourceforge/plantuml/sequencediagram/Participant;)V+416
j  net.sourceforge.plantuml.sequencediagram.graphic.DrawableSetInitializer.createDrawableSet(Lnet/sourceforge/plantuml/graphic/StringBounder;)Lnet/sourceforge/plantuml/sequencediagram/graphic/DrawableSet;+70
j  net.sourceforge.plantuml.sequencediagram.graphic.SequenceDiagramFileMakerPuma2.<init>(Lnet/sourceforge/plantuml/sequencediagram/SequenceDiagram;Lnet/sourceforge/plantuml/skin/rose/Rose;Lnet/sourceforge/plantuml/FileFormatOption;)V+144
j  net.sourceforge.plantuml.sequencediagram.SequenceDiagram.getSequenceDiagramPngMaker(Lnet/sourceforge/plantuml/FileFormatOption;)Lnet/sourceforge/plantuml/sequencediagram/graphic/FileMaker;+60
j  net.sourceforge.plantuml.sequencediagram.SequenceDiagram.getNbImages()I+11
j  net.sourceforge.plantuml.SourceStringReader.outputImage(Ljava/io/OutputStream;ILnet/sourceforge/plantuml/FileFormatOption;)Lnet/sourceforge/plantuml/core/DiagramDescription;+65
j  net.sourceforge.plantuml.Pipe.managePipe(Lnet/sourceforge/plantuml/ErrorStatus;)V+362
j  net.sourceforge.plantuml.Run.managePipe(Lnet/sourceforge/plantuml/Option;Lnet/sourceforge/plantuml/ErrorStatus;)V+21
j  net.sourceforge.plantuml.Run.main([Ljava/lang/String;)V+435
v  ~StubRoutines::call_stub
V  [libjvm.dylib+0x2ef9fe]
V  [libjvm.dylib+0x3269a5]
V  [libjvm.dylib+0x31f731]
C  [java+0x38c6]  JavaMain+0x9c4
C  [libsystem_pthread.dylib+0x6950]  _pthread_start+0xe0
C  [libsystem_pthread.dylib+0x247b]  thread_start+0xf
C  0x0000000000000000

Java frames: (J=compiled Java code, j=interpreted, Vv=VM code)
j  sun.font.CFontManager.loadNativeFonts()V+0
j  sun.font.CFontManager.access$100(Lsun/font/CFontManager;)V+1
j  sun.font.CFontManager$3.run()Ljava/lang/Object;+14
v  ~StubRoutines::call_stub
j  java.security.AccessController.doPrivileged(Ljava/security/PrivilegedAction;)Ljava/lang/Object;+0
j  sun.font.CFontManager.loadFonts()V+19
j  sun.font.SunFontManager.findFont2D(Ljava/lang/String;II)Lsun/font/Font2D;+932
j  java.awt.Font.getFont2D()Lsun/font/Font2D;+86
j  java.awt.Font.access$000(Ljava/awt/Font;)Lsun/font/Font2D;+1
j  java.awt.Font$FontAccessImpl.getFont2D(Ljava/awt/Font;)Lsun/font/Font2D;+1
j  sun.font.FontUtilities.getFont2D(Ljava/awt/Font;)Lsun/font/Font2D;+4
j  sun.font.FontDesignMetrics.initMatrixAndMetrics()V+4
j  sun.font.FontDesignMetrics.<init>(Ljava/awt/Font;Ljava/awt/font/FontRenderContext;)V+62
j  sun.font.FontDesignMetrics.getMetrics(Ljava/awt/Font;Ljava/awt/font/FontRenderContext;)Lsun/font/FontDesignMetrics;+128
j  sun.java2d.SunGraphics2D.getFontMetrics(Ljava/awt/Font;)Ljava/awt/FontMetrics;+25
j  net.sourceforge.plantuml.FileFormat.getJavaDimension(Lnet/sourceforge/plantuml/ugraphic/UFont;Ljava/lang/String;)Lnet/sourceforge/plantuml/Dimension2DDouble;+9
j  net.sourceforge.plantuml.FileFormat.access$000(Lnet/sourceforge/plantuml/FileFormat;Lnet/sourceforge/plantuml/ugraphic/UFont;Ljava/lang/String;)Lnet/sourceforge/plantuml/Dimension2DDouble;+3
j  net.sourceforge.plantuml.FileFormat$1.calculateDimension(Lnet/sourceforge/plantuml/ugraphic/UFont;Ljava/lang/String;)Ljava/awt/geom/Dimension2D;+6
j  net.sourceforge.plantuml.creole.AtomText.calculateDimension(Lnet/sourceforge/plantuml/graphic/StringBounder;)Ljava/awt/geom/Dimension2D;+12
j  net.sourceforge.plantuml.creole.Sea.add(Lnet/sourceforge/plantuml/creole/Atom;)V+5
j  net.sourceforge.plantuml.creole.SheetBlock1.initMap(Lnet/sourceforge/plantuml/graphic/StringBounder;)V+219
j  net.sourceforge.plantuml.creole.SheetBlock1.calculateDimension(Lnet/sourceforge/plantuml/graphic/StringBounder;)Ljava/awt/geom/Dimension2D;+2
j  net.sourceforge.plantuml.creole.SheetBlock2.calculateDimension(Lnet/sourceforge/plantuml/graphic/StringBounder;)Ljava/awt/geom/Dimension2D;+5
j  net.sourceforge.plantuml.skin.AbstractTextualComponent.getPureTextWidth(Lnet/sourceforge/plantuml/graphic/StringBounder;)D+7
j  net.sourceforge.plantuml.skin.rose.ComponentRoseParticipant.getPureTextWidth(Lnet/sourceforge/plantuml/graphic/StringBounder;)D+2
j  net.sourceforge.plantuml.skin.AbstractTextualComponent.getTextWidth(Lnet/sourceforge/plantuml/graphic/StringBounder;)D+2
j  net.sourceforge.plantuml.skin.rose.ComponentRoseParticipant.getPreferredWidth(Lnet/sourceforge/plantuml/graphic/StringBounder;)D+2
j  net.sourceforge.plantuml.sequencediagram.graphic.ParticipantBox.getMaxX(Lnet/sourceforge/plantuml/graphic/StringBounder;)D+9
j  net.sourceforge.plantuml.sequencediagram.graphic.DrawableSetInitializer.prepareParticipant(Lnet/sourceforge/plantuml/graphic/StringBounder;Lnet/sourceforge/plantuml/sequencediagram/Participant;)V+416
j  net.sourceforge.plantuml.sequencediagram.graphic.DrawableSetInitializer.createDrawableSet(Lnet/sourceforge/plantuml/graphic/StringBounder;)Lnet/sourceforge/plantuml/sequencediagram/graphic/DrawableSet;+70
j  net.sourceforge.plantuml.sequencediagram.graphic.SequenceDiagramFileMakerPuma2.<init>(Lnet/sourceforge/plantuml/sequencediagram/SequenceDiagram;Lnet/sourceforge/plantuml/skin/rose/Rose;Lnet/sourceforge/plantuml/FileFormatOption;)V+144
j  net.sourceforge.plantuml.sequencediagram.SequenceDiagram.getSequenceDiagramPngMaker(Lnet/sourceforge/plantuml/FileFormatOption;)Lnet/sourceforge/plantuml/sequencediagram/graphic/FileMaker;+60
j  net.sourceforge.plantuml.sequencediagram.SequenceDiagram.getNbImages()I+11
j  net.sourceforge.plantuml.SourceStringReader.outputImage(Ljava/io/OutputStream;ILnet/sourceforge/plantuml/FileFormatOption;)Lnet/sourceforge/plantuml/core/DiagramDescription;+65
j  net.sourceforge.plantuml.Pipe.managePipe(Lnet/sourceforge/plantuml/ErrorStatus;)V+362
j  net.sourceforge.plantuml.Run.managePipe(Lnet/sourceforge/plantuml/Option;Lnet/sourceforge/plantuml/ErrorStatus;)V+21
j  net.sourceforge.plantuml.Run.main([Ljava/lang/String;)V+435
v  ~StubRoutines::call_stub

---------------  P R O C E S S  ---------------

Java Threads: ( => current thread )
  0x00007fd2d19e6800 JavaThread "AWT-Shutdown" [_thread_blocked, id=57351, stack(0x00007000071f7000,0x00007000072f7000)]
  0x00007fd2e10f9800 JavaThread "Java2D Disposer" daemon [_thread_blocked, id=76803, stack(0x000070000770f000,0x000070000780f000)]
  0x00007fd2b1851800 JavaThread "Java2D Queue Flusher" daemon [_thread_blocked, id=52231, stack(0x000070000760c000,0x000070000770c000)]
  0x00007fd2d10f9800 JavaThread "AppKit Thread" daemon [_thread_in_native, id=775, stack(0x00007ffee8a28000,0x00007ffee9228000)]
  0x00007fd2c1019000 JavaThread "Service Thread" daemon [_thread_blocked, id=24323, stack(0x0000700006ff1000,0x00007000070f1000)]
  0x00007fd2c1016800 JavaThread "C1 CompilerThread11" daemon [_thread_blocked, id=39939, stack(0x0000700006eee000,0x0000700006fee000)]
  0x00007fd2d1816000 JavaThread "C1 CompilerThread10" daemon [_thread_blocked, id=40451, stack(0x0000700006deb000,0x0000700006eeb000)]
  0x00007fd2d2065000 JavaThread "C1 CompilerThread9" daemon [_thread_blocked, id=40963, stack(0x0000700006ce8000,0x0000700006de8000)]
  0x00007fd2d1021000 JavaThread "C1 CompilerThread8" daemon [_thread_blocked, id=41475, stack(0x0000700006be5000,0x0000700006ce5000)]
  0x00007fd2b1821000 JavaThread "C2 CompilerThread7" daemon [_thread_blocked, id=41731, stack(0x0000700006ae2000,0x0000700006be2000)]
  0x00007fd2d1018800 JavaThread "C2 CompilerThread6" daemon [_thread_blocked, id=23555, stack(0x00007000069df000,0x0000700006adf000)]
  0x00007fd2b1818800 JavaThread "C2 CompilerThread5" daemon [_thread_blocked, id=23043, stack(0x00007000068dc000,0x00007000069dc000)]
  0x00007fd2d1017800 JavaThread "C2 CompilerThread4" daemon [_thread_blocked, id=42243, stack(0x00007000067d9000,0x00007000068d9000)]
  0x00007fd2d1815000 JavaThread "C2 CompilerThread3" daemon [_thread_blocked, id=42499, stack(0x00007000066d6000,0x00007000067d6000)]
  0x00007fd2e100e000 JavaThread "C2 CompilerThread2" daemon [_thread_blocked, id=22531, stack(0x00007000065d3000,0x00007000066d3000)]
  0x00007fd2d1814800 JavaThread "C2 CompilerThread1" daemon [_thread_blocked, id=43267, stack(0x00007000064d0000,0x00007000065d0000)]
  0x00007fd2d180b800 JavaThread "C2 CompilerThread0" daemon [_thread_blocked, id=22019, stack(0x00007000063cd000,0x00007000064cd000)]
  0x00007fd2d2074800 JavaThread "Signal Dispatcher" daemon [_thread_blocked, id=16391, stack(0x00007000062ca000,0x00007000063ca000)]
  0x00007fd2d204a000 JavaThread "Finalizer" daemon [_thread_blocked, id=14851, stack(0x00007000060c1000,0x00007000061c1000)]
  0x00007fd2d1008800 JavaThread "Reference Handler" daemon [_thread_blocked, id=14595, stack(0x0000700005fbe000,0x00007000060be000)]
=>0x00007fd2d2009000 JavaThread "main" [_thread_in_native, id=3843, stack(0x0000700005091000,0x0000700005191000)]

Other Threads:
  0x00007fd2c1015800 VMThread [stack: 0x0000700005ebb000,0x0000700005fbb000] [id=14083]
  0x00007fd2c101c000 WatcherThread [stack: 0x00007000070f4000,0x00007000071f4000] [id=24579]

VM state:not at safepoint (normal execution)

VM Mutex/Monitor currently owned by a thread: None

Heap:
 PSYoungGen      total 153088K, used 58380K [0x0000000715580000, 0x0000000728080000, 0x00000007c0000000)
  eden space 131584K, 28% used [0x0000000715580000,0x0000000717988f70,0x000000071d600000)
  from space 21504K, 99% used [0x000000071d600000,0x000000071eafa220,0x000000071eb00000)
  to   space 21504K, 0% used [0x0000000726b80000,0x0000000726b80000,0x0000000728080000)
 ParOldGen       total 349696K, used 15444K [0x00000005c0000000, 0x00000005d5580000, 0x0000000715580000)
  object space 349696K, 4% used [0x00000005c0000000,0x00000005c0f15198,0x00000005d5580000)
 Metaspace       used 10007K, capacity 10152K, committed 10240K, reserved 1058816K
  class space    used 1211K, capacity 1278K, committed 1280K, reserved 1048576K

Card table byte_map: [0x000000011f2e9000,0x00000001202ea000] byte_map_base: 0x000000011c4e9000

Marking Bits: (ParMarkBitMap*) 0x000000010f8f9e00
 Begin Bits: [0x0000000120d95000, 0x0000000128d95000)
 End Bits:   [0x0000000128d95000, 0x0000000130d95000)

Polling page: 0x0000000106a66000

CodeCache: size=245760Kb used=5343Kb max_used=5343Kb free=240417Kb
 bounds [0x00000001102e9000, 0x0000000110829000, 0x000000011f2e9000]
 total_blobs=1295 nmethods=859 adapters=347
 compilation: enabled

Compilation events (10 events):
Event: 3.038 Thread 0x00007fd2d2065000  857   !   3       sun.misc.URLClassPath$JarLoader::getResource (85 bytes)
Event: 3.038 Thread 0x00007fd2c1016800  855       3       java.util.jar.JarFile::getJarEntry (9 bytes)
Event: 3.038 Thread 0x00007fd2d1816000  856       3       java.util.jar.JarFile::getEntry (22 bytes)
Event: 3.038 Thread 0x00007fd2d1021000  858       3       java.util.Vector::elementData (7 bytes)
Event: 3.038 Thread 0x00007fd2d1021000 nmethod 858 0x000000011081f910 code [0x000000011081fa80, 0x000000011081fc10]
Event: 3.039 Thread 0x00007fd2d1816000 nmethod 856 0x000000011081fd10 code [0x000000011081fea0, 0x00000001108201f8]
Event: 3.039 Thread 0x00007fd2c1016800 nmethod 855 0x0000000110820350 code [0x0000000110820500, 0x00000001108209b8]
Event: 3.040 Thread 0x00007fd2d2065000 nmethod 857 0x0000000110820bd0 code [0x0000000110820e20, 0x00000001108219e8]
Event: 3.048 Thread 0x00007fd2d1021000  859  s    3       java.util.Vector::elementAt (48 bytes)
Event: 3.049 Thread 0x00007fd2d1021000 nmethod 859 0x0000000110822310 code [0x0000000110822520, 0x00000001108230a8]

GC Heap History (2 events):
Event: 2.364 GC heap before
{Heap before GC invocations=1 (full 0):
 PSYoungGen      total 153088K, used 131584K [0x0000000715580000, 0x0000000720000000, 0x00000007c0000000)
  eden space 131584K, 100% used [0x0000000715580000,0x000000071d600000,0x000000071d600000)
  from space 21504K, 0% used [0x000000071eb00000,0x000000071eb00000,0x0000000720000000)
  to   space 21504K, 0% used [0x000000071d600000,0x000000071d600000,0x000000071eb00000)
 ParOldGen       total 349696K, used 0K [0x00000005c0000000, 0x00000005d5580000, 0x0000000715580000)
  object space 349696K, 0% used [0x00000005c0000000,0x00000005c0000000,0x00000005d5580000)
 Metaspace       used 8275K, capacity 8390K, committed 8576K, reserved 1056768K
  class space    used 991K, capacity 1053K, committed 1152K, reserved 1048576K
Event: 2.435 GC heap after
Heap after GC invocations=1 (full 0):
 PSYoungGen      total 153088K, used 21480K [0x0000000715580000, 0x0000000728080000, 0x00000007c0000000)
  eden space 131584K, 0% used [0x0000000715580000,0x0000000715580000,0x000000071d600000)
  from space 21504K, 99% used [0x000000071d600000,0x000000071eafa220,0x000000071eb00000)
  to   space 21504K, 0% used [0x0000000726b80000,0x0000000726b80000,0x0000000728080000)
 ParOldGen       total 349696K, used 15444K [0x00000005c0000000, 0x00000005d5580000, 0x0000000715580000)
  object space 349696K, 4% used [0x00000005c0000000,0x00000005c0f15198,0x00000005d5580000)
 Metaspace       used 8275K, capacity 8390K, committed 8576K, reserved 1056768K
  class space    used 991K, capacity 1053K, committed 1152K, reserved 1048576K
}

Deoptimization events (9 events):
Event: 1.587 Thread 0x00007fd2d2009000 Uncommon trap: reason=unstable_if action=reinterpret pc=0x00000001106f37d4 method=java.util.regex.Pattern.closure(Ljava/util/regex/Pattern$Node;)Ljava/util/regex/Pattern$Node; @ 182
Event: 1.662 Thread 0x00007fd2d2009000 Uncommon trap: reason=unstable_if action=reinterpret pc=0x00000001107203e8 method=java.util.regex.Pattern.sequence(Ljava/util/regex/Pattern$Node;)Ljava/util/regex/Pattern$Node; @ 536
Event: 1.740 Thread 0x00007fd2d2009000 Uncommon trap: reason=unstable_if action=reinterpret pc=0x0000000110722fa8 method=java.util.regex.ASCII.isUpper(I)Z @ 9
Event: 1.740 Thread 0x00007fd2d2009000 Uncommon trap: reason=unstable_if action=reinterpret pc=0x0000000110721e8c method=java.util.regex.ASCII.isUpper(I)Z @ 9
Event: 1.813 Thread 0x00007fd2d2009000 Uncommon trap: reason=unstable_if action=reinterpret pc=0x0000000110749b9c method=java.util.regex.Pattern.closure(Ljava/util/regex/Pattern$Node;)Ljava/util/regex/Pattern$Node; @ 138
Event: 1.874 Thread 0x00007fd2d2009000 Uncommon trap: reason=unloaded action=reinterpret pc=0x0000000110757304 method=java.util.regex.Pattern.escape(ZZZ)I @ 725
Event: 2.634 Thread 0x00007fd2d2009000 Uncommon trap: reason=unstable_if action=reinterpret pc=0x000000011071a40c method=java.util.regex.Pattern.compile()V @ 126
Event: 3.037 Thread 0x00007fd2d2009000 Uncommon trap: reason=unstable_if action=reinterpret pc=0x00000001107f53ec method=sun.misc.MetaIndex.mayContain(Ljava/lang/String;)Z @ 13
Event: 3.037 Thread 0x00007fd2d2009000 Uncommon trap: reason=unstable_if action=reinterpret pc=0x0000000110760274 method=sun.misc.MetaIndex.mayContain(Ljava/lang/String;)Z @ 13

Classes redefined (0 events):
No events

Internal exceptions (10 events):
Event: 0.934 Thread 0x00007fd2d2009000 Exception <a 'java/security/PrivilegedActionException'> (0x00000007157f7628) thrown at [/Users/java_re/workspace/8-2-build-macosx-x86_64/jdk8u191/11896/hotspot/src/share/vm/prims/jvm.cpp, line 1435]
Event: 0.934 Thread 0x00007fd2d2009000 Exception <a 'java/security/PrivilegedActionException'> (0x00000007157f84e8) thrown at [/Users/java_re/workspace/8-2-build-macosx-x86_64/jdk8u191/11896/hotspot/src/share/vm/prims/jvm.cpp, line 1435]
Event: 0.934 Thread 0x00007fd2d2009000 Exception <a 'java/security/PrivilegedActionException'> (0x00000007157f88e0) thrown at [/Users/java_re/workspace/8-2-build-macosx-x86_64/jdk8u191/11896/hotspot/src/share/vm/prims/jvm.cpp, line 1435]
Event: 0.935 Thread 0x00007fd2d2009000 Exception <a 'java/security/PrivilegedActionException'> (0x00000007157f97a8) thrown at [/Users/java_re/workspace/8-2-build-macosx-x86_64/jdk8u191/11896/hotspot/src/share/vm/prims/jvm.cpp, line 1435]
Event: 0.935 Thread 0x00007fd2d2009000 Exception <a 'java/security/PrivilegedActionException'> (0x00000007157f9ba0) thrown at [/Users/java_re/workspace/8-2-build-macosx-x86_64/jdk8u191/11896/hotspot/src/share/vm/prims/jvm.cpp, line 1435]
Event: 0.935 Thread 0x00007fd2d2009000 Exception <a 'java/security/PrivilegedActionException'> (0x00000007157fa908) thrown at [/Users/java_re/workspace/8-2-build-macosx-x86_64/jdk8u191/11896/hotspot/src/share/vm/prims/jvm.cpp, line 1435]
Event: 0.935 Thread 0x00007fd2d2009000 Exception <a 'java/security/PrivilegedActionException'> (0x00000007157fad00) thrown at [/Users/java_re/workspace/8-2-build-macosx-x86_64/jdk8u191/11896/hotspot/src/share/vm/prims/jvm.cpp, line 1435]
Event: 0.937 Thread 0x00007fd2d2009000 Exception <a 'java/io/FileNotFoundException'> (0x00000007157fccd0) thrown at [/Users/java_re/workspace/8-2-build-macosx-x86_64/jdk8u191/11896/hotspot/src/share/vm/prims/jni.cpp, line 709]
Event: 0.937 Thread 0x00007fd2d2009000 Exception <a 'java/io/FileNotFoundException'> (0x00000007157fd820) thrown at [/Users/java_re/workspace/8-2-build-macosx-x86_64/jdk8u191/11896/hotspot/src/share/vm/prims/jni.cpp, line 709]
Event: 0.952 Thread 0x00007fd2d2009000 Exception <a 'java/io/FileNotFoundException'> (0x0000000715802110) thrown at [/Users/java_re/workspace/8-2-build-macosx-x86_64/jdk8u191/11896/hotspot/src/share/vm/prims/jni.cpp, line 709]

Events (10 events):
Event: 3.045 loading class java/beans/PropertyChangeListener
Event: 3.045 loading class java/beans/PropertyChangeListener done
Event: 3.045 loading class sun/awt/SunToolkit$ModalityListenerList
Event: 3.045 loading class sun/awt/ModalityListener
Event: 3.045 loading class sun/awt/ModalityListener done
Event: 3.045 loading class sun/awt/SunToolkit$ModalityListenerList done
Event: 3.046 loading class sun/awt/HeadlessToolkit
Event: 3.046 loading class sun/awt/HeadlessToolkit done
Event: 3.046 loading class sun/font/CFontManager$3
Event: 3.046 loading class sun/font/CFontManager$3 done


Dynamic libraries:
0x00007fff351eb000 	/System/Library/Frameworks/Cocoa.framework/Versions/A/Cocoa
0x00007fff22410000 	/System/Library/Frameworks/Security.framework/Versions/A/Security
0x00007fff333e8000 	/System/Library/Frameworks/ApplicationServices.framework/Versions/A/ApplicationServices
0x00007fff2a699000 	/usr/lib/libz.1.dylib
0x00007fff2a761000 	/usr/lib/libSystem.B.dylib
0x00007fff203f6000 	/usr/lib/libobjc.A.dylib
0x00007fff205d6000 	/System/Library/Frameworks/CoreFoundation.framework/Versions/A/CoreFoundation
0x00007fff21383000 	/System/Library/Frameworks/Foundation.framework/Versions/C/Foundation
0x00007fff22e37000 	/System/Library/Frameworks/AppKit.framework/Versions/C/AppKit
0x00007fff25ccf000 	/System/Library/Frameworks/CoreData.framework/Versions/A/CoreData
0x00007fff23b9a000 	/System/Library/PrivateFrameworks/UIFoundation.framework/Versions/A/UIFoundation
0x00007fff2fdc7000 	/System/Library/PrivateFrameworks/RemoteViewServices.framework/Versions/A/RemoteViewServices
0x00007fff28bc0000 	/System/Library/PrivateFrameworks/XCTTargetBootstrap.framework/Versions/A/XCTTargetBootstrap
0x00007fff2b8a1000 	/usr/lib/libspindump.dylib
0x00007fff23def000 	/System/Library/Frameworks/UniformTypeIdentifiers.framework/Versions/A/UniformTypeIdentifiers
0x00007fff27396000 	/usr/lib/libapp_launch_measurement.dylib
0x00007fff27399000 	/System/Library/PrivateFrameworks/CoreAutoLayout.framework/Versions/A/CoreAutoLayout
0x00007fff28522000 	/System/Library/Frameworks/Metal.framework/Versions/A/Metal
0x00007fff29212000 	/usr/lib/liblangid.dylib
0x00007fff28bc4000 	/System/Library/PrivateFrameworks/CoreSVG.framework/Versions/A/CoreSVG
0x00007fff24dd6000 	/System/Library/PrivateFrameworks/SkyLight.framework/Versions/A/SkyLight
0x00007fff2513d000 	/System/Library/Frameworks/CoreGraphics.framework/Versions/A/CoreGraphics
0x00007fff3041e000 	/System/Library/Frameworks/Accelerate.framework/Versions/A/Accelerate
0x00007fff2b2dc000 	/System/Library/PrivateFrameworks/IconServices.framework/Versions/A/IconServices
0x00007fff28507000 	/System/Library/Frameworks/IOSurface.framework/Versions/A/IOSurface
0x00007fff26658000 	/usr/lib/libDiagnosticMessagesClient.dylib
0x00007fff28bac000 	/System/Library/PrivateFrameworks/DFRFoundation.framework/Versions/A/DFRFoundation
0x00007fff22762000 	/usr/lib/libicucore.A.dylib
0x00007fff2cde8000 	/System/Library/Frameworks/AudioToolbox.framework/Versions/A/AudioToolbox
0x00007fff2c08d000 	/System/Library/PrivateFrameworks/DataDetectorsCore.framework/Versions/A/DataDetectorsCore
0x00007fff288ac000 	/System/Library/Frameworks/Carbon.framework/Versions/A/Frameworks/HIToolbox.framework/Versions/A/HIToolbox
0x00007fff26df1000 	/System/Library/Frameworks/QuartzCore.framework/Versions/A/QuartzCore
0x00007fff2fe03000 	/System/Library/Frameworks/Carbon.framework/Versions/A/Frameworks/SpeechRecognition.framework/Versions/A/SpeechRecognition
0x00007fff270fe000 	/System/Library/PrivateFrameworks/CoreUI.framework/Versions/A/CoreUI
0x00007fff21d6b000 	/System/Library/Frameworks/CoreAudio.framework/Versions/A/CoreAudio
0x00007fff26743000 	/System/Library/Frameworks/DiskArbitration.framework/Versions/A/DiskArbitration
0x00007fff2bc9c000 	/System/Library/PrivateFrameworks/MultitouchSupport.framework/Versions/A/MultitouchSupport
0x00007fff2c084000 	/System/Library/PrivateFrameworks/InternationalSupport.framework/Versions/A/InternationalSupport
0x00007fff24d4a000 	/usr/lib/libenergytrace.dylib
0x00007fff22d30000 	/System/Library/Frameworks/IOKit.framework/Versions/A/IOKit
0x00007fff30150000 	/System/Library/Frameworks/CoreServices.framework/Versions/A/CoreServices
0x00007fff2732c000 	/System/Library/PrivateFrameworks/PerformanceAnalysis.framework/Versions/A/PerformanceAnalysis
0x00007fff6caba000 	/System/Library/Frameworks/OpenGL.framework/Versions/A/OpenGL
0x00007fff2c109000 	/System/Library/PrivateFrameworks/UserActivity.framework/Versions/A/UserActivity
0x00007fff257d1000 	/System/Library/Frameworks/ColorSync.framework/Versions/A/ColorSync
0x00007fff28e29000 	/System/Library/Frameworks/CoreImage.framework/Versions/A/CoreImage
0x00007fff21b82000 	/System/Library/Frameworks/CoreText.framework/Versions/A/CoreText
0x00007fff28bee000 	/System/Library/Frameworks/ImageIO.framework/Versions/A/ImageIO
0x00007fff2a767000 	/System/Library/PrivateFrameworks/SoftLinking.framework/Versions/A/SoftLinking
0x00007fff273e2000 	/usr/lib/libxml2.2.dylib
0x00007fff204bb000 	/usr/lib/libc++.1.dylib
0x00007fff2a9d9000 	/usr/lib/libcompression.dylib
0x00007fff24d4b000 	/usr/lib/libMobileGestalt.dylib
0x00007fff2bfb7000 	/System/Library/PrivateFrameworks/TextureIO.framework/Versions/A/TextureIO
0x00007fff2afff000 	/usr/lib/libate.dylib
0x00007fff2a75b000 	/usr/lib/system/libcache.dylib
0x00007fff2a717000 	/usr/lib/system/libcommonCrypto.dylib
0x00007fff2a741000 	/usr/lib/system/libcompiler_rt.dylib
0x00007fff2a736000 	/usr/lib/system/libcopyfile.dylib
0x00007fff202e4000 	/usr/lib/system/libcorecrypto.dylib
0x00007fff203b1000 	/usr/lib/system/libdispatch.dylib
0x00007fff20565000 	/usr/lib/system/libdyld.dylib
0x00007fff2a752000 	/usr/lib/system/libkeymgr.dylib
0x00007fff2db9a000 	/usr/lib/system/liblaunch.dylib
0x00007fff2a6f5000 	/usr/lib/system/libmacho.dylib
0x00007fff29f0f000 	/usr/lib/system/libquarantine.dylib
0x00007fff2a74f000 	/usr/lib/system/libremovefile.dylib
0x00007fff24da7000 	/usr/lib/system/libsystem_asl.dylib
0x00007fff20294000 	/usr/lib/system/libsystem_blocks.dylib
0x00007fff20432000 	/usr/lib/system/libsystem_c.dylib
0x00007fff2a749000 	/usr/lib/system/libsystem_collections.dylib
0x00007fff29203000 	/usr/lib/system/libsystem_configuration.dylib
0x00007fff284f6000 	/usr/lib/system/libsystem_containermanager.dylib
0x00007fff2a491000 	/usr/lib/system/libsystem_coreservices.dylib
0x00007fff229c4000 	/usr/lib/system/libsystem_darwin.dylib
0x00007fff2a753000 	/usr/lib/system/libsystem_dnssd.dylib
0x00007fff2042f000 	/usr/lib/system/libsystem_featureflags.dylib
0x00007fff205aa000 	/usr/lib/system/libsystem_info.dylib
0x00007fff2a6ac000 	/usr/lib/system/libsystem_m.dylib
0x00007fff20384000 	/usr/lib/system/libsystem_malloc.dylib
0x00007fff24d3b000 	/usr/lib/system/libsystem_networkextension.dylib
0x00007fff22ddf000 	/usr/lib/system/libsystem_notify.dylib
0x00007fff3004e000 	/usr/lib/system/libsystem_product_info_filter.dylib
0x00007fff29207000 	/usr/lib/system/libsystem_sandbox.dylib
0x00007fff2a74c000 	/usr/lib/system/libsystem_secinit.dylib
0x00007fff2052a000 	/usr/lib/system/libsystem_kernel.dylib
0x00007fff205a0000 	/usr/lib/system/libsystem_platform.dylib
0x00007fff20559000 	/usr/lib/system/libsystem_pthread.dylib
0x00007fff264a6000 	/usr/lib/system/libsystem_symptoms.dylib
0x00007fff202cc000 	/usr/lib/system/libsystem_trace.dylib
0x00007fff2a723000 	/usr/lib/system/libunwind.dylib
0x00007fff20296000 	/usr/lib/system/libxpc.dylib
0x00007fff20511000 	/usr/lib/libc++abi.dylib
0x00007fff2a72e000 	/usr/lib/liboah.dylib
0x00007fff2ade4000 	/usr/lib/liblzma.5.dylib
0x00007fff21097000 	/System/Library/Frameworks/SystemConfiguration.framework/Versions/A/SystemConfiguration
0x00007fff2a763000 	/usr/lib/libfakelink.dylib
0x00007fff2489d000 	/System/Library/Frameworks/CFNetwork.framework/Versions/A/CFNetwork
0x00007fff2a8a3000 	/usr/lib/libarchive.2.dylib
0x00007fff21115000 	/usr/lib/libCRFSuite.dylib
0x00007fff29f36000 	/usr/lib/libbsm.0.dylib
0x00007fff24259000 	/usr/lib/libnetwork.dylib
0x00007fff2a768000 	/usr/lib/libpcap.A.dylib
0x00007fff2649f000 	/usr/lib/libdns_services.dylib
0x00007fff2adfd000 	/usr/lib/libcoretls_cfhelpers.dylib
0x00007fff2a9a7000 	/usr/lib/libapple_nghttp2.dylib
0x00007fff2a6fb000 	/usr/lib/system/libkxld.dylib
0x00007fff26105000 	/usr/lib/libsqlite3.dylib
0x00007fff2a473000 	/System/Library/PrivateFrameworks/AppleFSCompression.framework/Versions/A/AppleFSCompression
0x00007fff29f1e000 	/usr/lib/libcoretls.dylib
0x00007fff2a9d4000 	/usr/lib/libpam.2.dylib
0x00007fff2aefa000 	/usr/lib/libxar.1.dylib
0x00007fff2920e000 	/System/Library/PrivateFrameworks/AppleSystemInfo.framework/Versions/A/AppleSystemInfo
0x00007fff29b61000 	/System/Library/PrivateFrameworks/IOMobileFramebuffer.framework/Versions/A/IOMobileFramebuffer
0x00007fff2a483000 	/usr/lib/libbz2.1.0.dylib
0x00007fff2a7a0000 	/usr/lib/libiconv.2.dylib
0x00007fff2a6f4000 	/usr/lib/libcharset.1.dylib
0x00007fff27368000 	/System/Library/Frameworks/CoreServices.framework/Versions/A/Frameworks/FSEvents.framework/Versions/A/FSEvents
0x00007fff229ce000 	/System/Library/Frameworks/CoreServices.framework/Versions/A/Frameworks/CarbonCore.framework/Versions/A/CarbonCore
0x00007fff266a8000 	/System/Library/Frameworks/CoreServices.framework/Versions/A/Frameworks/Metadata.framework/Versions/A/Metadata
0x00007fff2a496000 	/System/Library/Frameworks/CoreServices.framework/Versions/A/Frameworks/OSServices.framework/Versions/A/OSServices
0x00007fff2a915000 	/System/Library/Frameworks/CoreServices.framework/Versions/A/Frameworks/SearchKit.framework/Versions/A/SearchKit
0x00007fff26429000 	/System/Library/Frameworks/CoreServices.framework/Versions/A/Frameworks/AE.framework/Versions/A/AE
0x00007fff20a72000 	/System/Library/Frameworks/CoreServices.framework/Versions/A/Frameworks/LaunchServices.framework/Versions/A/LaunchServices
0x00007fff2ad95000 	/System/Library/Frameworks/CoreServices.framework/Versions/A/Frameworks/DictionaryServices.framework/Versions/A/DictionaryServices
0x00007fff27371000 	/System/Library/Frameworks/CoreServices.framework/Versions/A/Frameworks/SharedFileList.framework/Versions/A/SharedFileList
0x00007fff29f12000 	/usr/lib/libCheckFix.dylib
0x00007fff24dbe000 	/System/Library/PrivateFrameworks/TCC.framework/Versions/A/TCC
0x00007fff29214000 	/System/Library/PrivateFrameworks/CoreNLP.framework/Versions/A/CoreNLP
0x00007fff2665b000 	/System/Library/PrivateFrameworks/MetadataUtilities.framework/Versions/A/MetadataUtilities
0x00007fff2114b000 	/usr/lib/libmecabra.dylib
0x00007fff2a225000 	/System/Library/Frameworks/MLCompute.framework/Versions/A/MLCompute
0x00007fff29f47000 	/usr/lib/libmecab.dylib
0x00007fff29f91000 	/usr/lib/libgermantok.dylib
0x00007fff2a97d000 	/usr/lib/libThaiTokenizer.dylib
0x00007fff2af35000 	/usr/lib/libChineseTokenizer.dylib
0x00007fff2a9d2000 	/System/Library/Frameworks/MetalPerformanceShaders.framework/Versions/A/MetalPerformanceShaders
0x00007fff2674a000 	/System/Library/Frameworks/Accelerate.framework/Versions/A/Frameworks/vImage.framework/Versions/A/vImage
0x00007fff30129000 	/System/Library/Frameworks/Accelerate.framework/Versions/A/Frameworks/vecLib.framework/Versions/A/vecLib
0x00007fff2af40000 	/System/Library/Frameworks/Accelerate.framework/Versions/A/Frameworks/vecLib.framework/Versions/A/libvMisc.dylib
0x00007fff2997a000 	/System/Library/Frameworks/Accelerate.framework/Versions/A/Frameworks/vecLib.framework/Versions/A/libvDSP.dylib
0x00007fff20d76000 	/System/Library/Frameworks/Accelerate.framework/Versions/A/Frameworks/vecLib.framework/Versions/A/libBLAS.dylib
0x00007fff2a9f8000 	/System/Library/Frameworks/Accelerate.framework/Versions/A/Frameworks/vecLib.framework/Versions/A/libLAPACK.dylib
0x00007fff29f97000 	/System/Library/Frameworks/Accelerate.framework/Versions/A/Frameworks/vecLib.framework/Versions/A/libLinearAlgebra.dylib
0x00007fff2a9bf000 	/System/Library/Frameworks/Accelerate.framework/Versions/A/Frameworks/vecLib.framework/Versions/A/libSparseBLAS.dylib
0x00007fff2a9f2000 	/System/Library/Frameworks/Accelerate.framework/Versions/A/Frameworks/vecLib.framework/Versions/A/libQuadrature.dylib
0x00007fff292bc000 	/System/Library/Frameworks/Accelerate.framework/Versions/A/Frameworks/vecLib.framework/Versions/A/libBNNS.dylib
0x00007fff21028000 	/System/Library/Frameworks/Accelerate.framework/Versions/A/Frameworks/vecLib.framework/Versions/A/libSparse.dylib
0x00007fff291a7000 	/System/Library/Frameworks/MetalPerformanceShaders.framework/Versions/A/Frameworks/MPSCore.framework/Versions/A/MPSCore
0x00007fff2a3e2000 	/System/Library/Frameworks/MetalPerformanceShaders.framework/Versions/A/Frameworks/MPSImage.framework/Versions/A/MPSImage
0x00007fff29fad000 	/System/Library/Frameworks/MetalPerformanceShaders.framework/Versions/A/Frameworks/MPSNeuralNetwork.framework/Versions/A/MPSNeuralNetwork
0x00007fff2a36d000 	/System/Library/Frameworks/MetalPerformanceShaders.framework/Versions/A/Frameworks/MPSMatrix.framework/Versions/A/MPSMatrix
0x00007fff2a1d5000 	/System/Library/Frameworks/MetalPerformanceShaders.framework/Versions/A/Frameworks/MPSRayIntersector.framework/Versions/A/MPSRayIntersector
0x00007fff2a3a4000 	/System/Library/Frameworks/MetalPerformanceShaders.framework/Versions/A/Frameworks/MPSNDArray.framework/Versions/A/MPSNDArray
0x00007fff20ca2000 	/System/Library/PrivateFrameworks/MetalTools.framework/Versions/A/MetalTools
0x00007fff2920c000 	/System/Library/PrivateFrameworks/AggregateDictionary.framework/Versions/A/AggregateDictionary
0x00007fff26633000 	/System/Library/PrivateFrameworks/CoreAnalytics.framework/Versions/A/CoreAnalytics
0x00007fff2a97f000 	/System/Library/PrivateFrameworks/AppleSauce.framework/Versions/A/AppleSauce
0x00007fff28519000 	/System/Library/PrivateFrameworks/IOAccelerator.framework/Versions/A/IOAccelerator
0x00007fff6caae000 	/System/Library/Frameworks/OpenGL.framework/Versions/A/Libraries/libCoreFSCache.dylib
0x00007fff216e7000 	/System/Library/PrivateFrameworks/LanguageModeling.framework/Versions/A/LanguageModeling
0x00007fff29b4e000 	/System/Library/PrivateFrameworks/CoreEmoji.framework/Versions/A/CoreEmoji
0x00007fff292b5000 	/System/Library/PrivateFrameworks/LinguisticData.framework/Versions/A/LinguisticData
0x00007fff20fda000 	/System/Library/PrivateFrameworks/Lexicon.framework/Versions/A/Lexicon
0x00007fff2a891000 	/usr/lib/libcmph.dylib
0x00007fff27348000 	/System/Library/Frameworks/OpenDirectory.framework/Versions/A/Frameworks/CFOpenDirectory.framework/Versions/A/CFOpenDirectory
0x00007fff27338000 	/System/Library/Frameworks/OpenDirectory.framework/Versions/A/OpenDirectory
0x00007fff2adff000 	/System/Library/PrivateFrameworks/APFS.framework/Versions/A/APFS
0x00007fff29e73000 	/System/Library/Frameworks/SecurityFoundation.framework/Versions/A/SecurityFoundation
0x00007fff2af08000 	/usr/lib/libutil.dylib
0x00007fff22cf5000 	/System/Library/PrivateFrameworks/CoreServicesStore.framework/Versions/A/CoreServicesStore
0x00007fff29f0a000 	/System/Library/Frameworks/ServiceManagement.framework/Versions/A/ServiceManagement
0x00007fff2af0c000 	/usr/lib/libxslt.1.dylib
0x00007fff29f00000 	/System/Library/PrivateFrameworks/BackgroundTaskManagement.framework/Versions/A/BackgroundTaskManagement
0x00007fff2bf01000 	/System/Library/Frameworks/ImageIO.framework/Versions/A/Resources/libRadiance.dylib
0x00007fff2bf0b000 	/System/Library/Frameworks/ImageIO.framework/Versions/A/Resources/libJPEG.dylib
0x00007fff2be56000 	/System/Library/Frameworks/ImageIO.framework/Versions/A/Resources/libPng.dylib
0x00007fff2be7d000 	/System/Library/Frameworks/ImageIO.framework/Versions/A/Resources/libTIFF.dylib
0x00007fff2bf60000 	/System/Library/Frameworks/ImageIO.framework/Versions/A/Resources/libGIF.dylib
0x00007fff2bbb9000 	/System/Library/Frameworks/ImageIO.framework/Versions/A/Resources/libJP2.dylib
0x00007fff2b2a3000 	/usr/lib/libexpat.1.dylib
0x00007fff2bb6e000 	/System/Library/PrivateFrameworks/AppleJPEG.framework/Versions/A/AppleJPEG
0x00007fff2874f000 	/System/Library/PrivateFrameworks/FontServices.framework/libFontParser.dylib
0x00007fff263dd000 	/System/Library/PrivateFrameworks/RunningBoardServices.framework/Versions/A/RunningBoardServices
0x00007fff2bc98000 	/System/Library/PrivateFrameworks/WatchdogClient.framework/Versions/A/WatchdogClient
0x00007fff217d4000 	/System/Library/Frameworks/CoreDisplay.framework/Versions/A/CoreDisplay
0x00007fff28665000 	/System/Library/Frameworks/CoreMedia.framework/Versions/A/CoreMedia
0x00007fff274c5000 	/System/Library/Frameworks/CoreVideo.framework/Versions/A/CoreVideo
0x00007fff2bcd0000 	/System/Library/Frameworks/VideoToolbox.framework/Versions/A/VideoToolbox
0x00007fff2635b000 	/System/Library/PrivateFrameworks/BaseBoard.framework/Versions/A/BaseBoard
0x00007fff2b3e8000 	/System/Library/PrivateFrameworks/PersistentConnection.framework/Versions/A/PersistentConnection
0x00007fff260ee000 	/System/Library/PrivateFrameworks/ProtocolBuffer.framework/Versions/A/ProtocolBuffer
0x00007fff26342000 	/System/Library/PrivateFrameworks/CommonUtilities.framework/Versions/A/CommonUtilities
0x00007fff2bb03000 	/System/Library/PrivateFrameworks/Bom.framework/Versions/A/Bom
0x00007fff2befa000 	/System/Library/PrivateFrameworks/GPUWrangler.framework/Versions/A/GPUWrangler
0x00007fff2bedd000 	/System/Library/PrivateFrameworks/IOPresentment.framework/Versions/A/IOPresentment
0x00007fff2bf05000 	/System/Library/PrivateFrameworks/DSExternalDisplay.framework/Versions/A/DSExternalDisplay
0x00007fff2bf65000 	/System/Library/PrivateFrameworks/CMCaptureCore.framework/Versions/A/CMCaptureCore
0x00007fff2b888000 	/System/Library/PrivateFrameworks/AppServerSupport.framework/Versions/A/AppServerSupport
0x00007fff2d939000 	/System/Library/PrivateFrameworks/perfdata.framework/Versions/A/perfdata
0x00007fff29e62000 	/System/Library/PrivateFrameworks/AssertionServices.framework/Versions/A/AssertionServices
0x00007fff2190b000 	/System/Library/PrivateFrameworks/AudioToolboxCore.framework/Versions/A/AudioToolboxCore
0x00007fff28648000 	/System/Library/PrivateFrameworks/caulk.framework/Versions/A/caulk
0x00007fff3d5e4000 	/System/Library/PrivateFrameworks/SystemPolicy.framework/Versions/A/SystemPolicy
0x00007fff2b098000 	/usr/lib/libIOReport.dylib
0x00007fff2d15b000 	/usr/lib/libSMC.dylib
0x00007fff2be23000 	/usr/lib/libAudioToolboxUtility.dylib
0x00007fff3df4e000 	/usr/lib/libmis.dylib
0x00007fff6cb0a000 	/System/Library/Frameworks/OpenGL.framework/Versions/A/Libraries/libGLU.dylib
0x00007fff6cacd000 	/System/Library/Frameworks/OpenGL.framework/Versions/A/Libraries/libGFXShared.dylib
0x00007fff6ccdc000 	/System/Library/Frameworks/OpenGL.framework/Versions/A/Libraries/libGL.dylib
0x00007fff6cad6000 	/System/Library/Frameworks/OpenGL.framework/Versions/A/Libraries/libGLImage.dylib
0x00007fff6caca000 	/System/Library/Frameworks/OpenGL.framework/Versions/A/Libraries/libCVMSPluginSupport.dylib
0x00007fff6cab5000 	/System/Library/Frameworks/OpenGL.framework/Versions/A/Libraries/libCoreVMClient.dylib
0x00007fff6e11d000 	/System/Library/Frameworks/OpenCL.framework/Versions/A/OpenCL
0x00007fff2b412000 	/System/Library/PrivateFrameworks/GraphVisualizer.framework/Versions/A/GraphVisualizer
0x00007fff2b421000 	/System/Library/PrivateFrameworks/FaceCore.framework/Versions/A/FaceCore
0x00007fff2b83d000 	/System/Library/PrivateFrameworks/OTSVG.framework/Versions/A/OTSVG
0x00007fff270bc000 	/System/Library/Frameworks/ApplicationServices.framework/Versions/A/Frameworks/ATS.framework/Versions/A/Resources/libFontRegistry.dylib
0x00007fff2b88f000 	/System/Library/PrivateFrameworks/FontServices.framework/libhvf.dylib
0x00007fff2b24f000 	/System/Library/PrivateFrameworks/AppleVA.framework/Versions/A/AppleVA
0x00007fff2cfa4000 	/System/Library/Frameworks/ApplicationServices.framework/Versions/A/Frameworks/ATS.framework/Versions/A/ATS
0x00007fff2d2b6000 	/System/Library/Frameworks/ApplicationServices.framework/Versions/A/Frameworks/ColorSyncLegacy.framework/Versions/A/ColorSyncLegacy
0x00007fff258c8000 	/System/Library/Frameworks/ApplicationServices.framework/Versions/A/Frameworks/HIServices.framework/Versions/A/HIServices
0x00007fff2d29b000 	/System/Library/Frameworks/ApplicationServices.framework/Versions/A/Frameworks/LangAnalysis.framework/Versions/A/LangAnalysis
0x00007fff2bf6f000 	/System/Library/Frameworks/ApplicationServices.framework/Versions/A/Frameworks/PrintCore.framework/Versions/A/PrintCore
0x00007fff2d2be000 	/System/Library/Frameworks/ApplicationServices.framework/Versions/A/Frameworks/QD.framework/Versions/A/QD
0x00007fff2cf94000 	/System/Library/Frameworks/ApplicationServices.framework/Versions/A/Frameworks/SpeechSynthesis.framework/Versions/A/SpeechSynthesis
0x00007fff2bf30000 	/System/Library/Frameworks/ApplicationServices.framework/Versions/A/Frameworks/ATSUI.framework/Versions/A/ATSUI
0x00007fff2d23b000 	/usr/lib/libcups.2.dylib
0x00007fff2d2ab000 	/System/Library/PrivateFrameworks/NetAuth.framework/Versions/A/NetAuth
0x00007fff2d955000 	/System/Library/Frameworks/Kerberos.framework/Versions/A/Kerberos
0x00007fff2d965000 	/System/Library/Frameworks/GSS.framework/Versions/A/GSS
0x00007fff2d010000 	/usr/lib/libresolv.9.dylib
0x00007fff2b8a4000 	/System/Library/PrivateFrameworks/Heimdal.framework/Versions/A/Heimdal
0x00007fff336e9000 	/System/Library/Frameworks/Kerberos.framework/Versions/A/Libraries/libHeimdalProxy.dylib
0x00007fff264ae000 	/System/Library/Frameworks/Network.framework/Versions/A/Network
0x00007fff2b2bd000 	/usr/lib/libheimdal-asn1.dylib
0x00007fff2d9b5000 	/System/Library/PrivateFrameworks/CommonAuth.framework/Versions/A/CommonAuth
0x00007fff27512000 	/System/Library/PrivateFrameworks/login.framework/Versions/A/Frameworks/loginsupport.framework/Versions/A/loginsupport
0x00007fff2cf19000 	/System/Library/PrivateFrameworks/AudioSession.framework/Versions/A/AudioSession
0x00007fff2cf81000 	/usr/lib/libAudioStatistics.dylib
0x00007fff2b34a000 	/System/Library/PrivateFrameworks/MediaExperience.framework/Versions/A/MediaExperience
0x00007fff2cdb6000 	/System/Library/PrivateFrameworks/AudioSession.framework/libSessionUtility.dylib
0x00007fff2d946000 	/usr/lib/libperfcheck.dylib
0x00007fff2d2ca000 	/System/Library/PrivateFrameworks/AudioResourceArbitration.framework/Versions/A/AudioResourceArbitration
0x00007fff2b2c7000 	/System/Library/PrivateFrameworks/IconFoundation.framework/Versions/A/IconFoundation
0x00007fff2fdf3000 	/System/Library/PrivateFrameworks/SpeechRecognitionCore.framework/Versions/A/SpeechRecognitionCore
0x000000010f000000 	/Library/Internet Plug-Ins/JavaAppletPlugin.plugin/Contents/Home/lib/server/libjvm.dylib
0x00007fff789f6000 	/usr/lib/libstdc++.6.dylib
0x0000000106a22000 	/Library/Internet Plug-Ins/JavaAppletPlugin.plugin/Contents/Home/lib/libverify.dylib
0x0000000106a30000 	/Library/Internet Plug-Ins/JavaAppletPlugin.plugin/Contents/Home/lib/libjava.dylib
0x0000000106ab0000 	/Library/Internet Plug-Ins/JavaAppletPlugin.plugin/Contents/Home/lib/libzip.dylib
0x0000000134172000 	/Library/Internet Plug-Ins/JavaAppletPlugin.plugin/Contents/Home/lib/libawt.dylib
0x000000013421c000 	/Library/Internet Plug-Ins/JavaAppletPlugin.plugin/Contents/Home/lib/libmlib_image.dylib
0x00007fff6f94a000 	/System/Library/Frameworks/JavaNativeFoundation.framework/Versions/A/JavaNativeFoundation
0x00007fff6f956000 	/System/Library/Frameworks/JavaRuntimeSupport.framework/Versions/A/JavaRuntimeSupport
0x00007fff3d35c000 	/System/Library/Frameworks/Carbon.framework/Versions/A/Carbon
0x00007fff31dbd000 	/System/Library/PrivateFrameworks/CoreSymbolication.framework/Versions/A/CoreSymbolication
0x00007fff36656000 	/System/Library/Frameworks/Carbon.framework/Versions/A/Frameworks/CommonPanels.framework/Versions/A/CommonPanels
0x00007fff331a3000 	/System/Library/Frameworks/Carbon.framework/Versions/A/Frameworks/Help.framework/Versions/A/Help
0x00007fff3665a000 	/System/Library/Frameworks/Carbon.framework/Versions/A/Frameworks/ImageCapture.framework/Versions/A/ImageCapture
0x00007fff36632000 	/System/Library/Frameworks/Carbon.framework/Versions/A/Frameworks/OpenScripting.framework/Versions/A/OpenScripting
0x00007fff36652000 	/System/Library/Frameworks/Carbon.framework/Versions/A/Frameworks/Ink.framework/Versions/A/Ink
0x00007fff3d358000 	/System/Library/Frameworks/Carbon.framework/Versions/A/Frameworks/Print.framework/Versions/A/Print
0x00007fff3664e000 	/System/Library/Frameworks/Carbon.framework/Versions/A/Frameworks/SecurityHI.framework/Versions/A/SecurityHI
0x00007fff31d80000 	/System/Library/PrivateFrameworks/DebugSymbols.framework/Versions/A/DebugSymbols
0x00000001342e8000 	/Library/Internet Plug-Ins/JavaAppletPlugin.plugin/Contents/Home/lib/libawt_lwawt.dylib
0x0000000106f98000 	/Library/Internet Plug-Ins/JavaAppletPlugin.plugin/Contents/Home/lib/libosxapp.dylib
0x00007fff3c71c000 	/System/Library/Frameworks/ExceptionHandling.framework/Versions/A/ExceptionHandling
0x00007fff22cb6000 	/System/Library/PrivateFrameworks/CoreServicesInternal.framework/Versions/A/CoreServicesInternal
0x00007fff312d9000 	/System/Library/Frameworks/FileProvider.framework/Versions/A/FileProvider
0x00007fff262c5000 	/System/Library/Frameworks/Accounts.framework/Versions/A/Accounts
0x00007fff313fa000 	/System/Library/PrivateFrameworks/GenerationalStorage.framework/Versions/A/GenerationalStorage
0x00007fff30cf8000 	/System/Library/PrivateFrameworks/SymptomDiagnosticReporter.framework/Versions/A/SymptomDiagnosticReporter
0x00007fff2e5fe000 	/System/Library/PrivateFrameworks/AppContainer.framework/Versions/A/AppContainer
0x00007fff23e02000 	/System/Library/PrivateFrameworks/DesktopServicesPriv.framework/Versions/A/DesktopServicesPriv
0x00007fff22deb000 	/usr/lib/libsandbox.1.dylib
0x00007fff2753e000 	/System/Library/PrivateFrameworks/UserManagement.framework/Versions/A/UserManagement
0x00007fff29e3f000 	/System/Library/PrivateFrameworks/MobileKeyBag.framework/Versions/A/MobileKeyBag
0x00007fff34753000 	/System/Library/PrivateFrameworks/ChunkingLibrary.framework/Versions/A/ChunkingLibrary
0x00007fff2e613000 	/System/Library/PrivateFrameworks/SecCodeWrapper.framework/Versions/A/SecCodeWrapper
0x00007fff2b0a0000 	/System/Library/PrivateFrameworks/CrashReporterSupport.framework/Versions/A/CrashReporterSupport
0x00007fff484d7000 	/System/Library/PrivateFrameworks/OSAnalytics.framework/Versions/A/OSAnalytics
0x00007fff782e2000 	/usr/lib/libRosetta.dylib
0x00007fff33134000 	/System/Library/PrivateFrameworks/RemoteServiceDiscovery.framework/Versions/A/RemoteServiceDiscovery
0x00007fff524af000 	/System/Library/PrivateFrameworks/Symbolication.framework/Versions/A/Symbolication
0x00007fff33144000 	/System/Library/PrivateFrameworks/RemoteXPC.framework/Versions/A/RemoteXPC
0x00007fff3964f000 	/System/Library/PrivateFrameworks/OSAServicesClient.framework/Versions/A/OSAServicesClient
0x00007fff3df2d000 	/System/Library/PrivateFrameworks/MallocStackLogging.framework/Versions/A/MallocStackLogging
0x00007fff2e395000 	/System/Library/PrivateFrameworks/Sharing.framework/Versions/A/Sharing
0x00007fff32d11000 	/System/Library/PrivateFrameworks/Apple80211.framework/Versions/A/Apple80211
0x00007fff2a4c4000 	/System/Library/PrivateFrameworks/AuthKit.framework/Versions/A/AuthKit
0x00007fff29c3f000 	/System/Library/PrivateFrameworks/CoreUtils.framework/Versions/A/CoreUtils
0x00007fff29b6c000 	/System/Library/Frameworks/CoreWLAN.framework/Versions/A/CoreWLAN
0x00007fff2e4dd000 	/System/Library/Frameworks/IOBluetooth.framework/Versions/A/IOBluetooth
0x00007fff32d75000 	/System/Library/PrivateFrameworks/CoreWiFi.framework/Versions/A/CoreWiFi
0x00007fff2da3d000 	/System/Library/PrivateFrameworks/CorePhoneNumbers.framework/Versions/A/CorePhoneNumbers
0x00007fff30e00000 	/System/Library/PrivateFrameworks/DiskManagement.framework/Versions/A/DiskManagement
0x00007fff30d16000 	/System/Library/PrivateFrameworks/AppleIDAuthSupport.framework/Versions/A/AppleIDAuthSupport
0x00007fff2da1a000 	/System/Library/PrivateFrameworks/KeychainCircle.framework/Versions/A/KeychainCircle
0x00007fff30dcc000 	/System/Library/PrivateFrameworks/MediaKit.framework/Versions/A/MediaKit
0x00007fff30d23000 	/System/Library/Frameworks/DiscRecording.framework/Versions/A/DiscRecording
0x00007fff2b1c3000 	/usr/lib/libCoreStorage.dylib
0x00007fff331af000 	/usr/lib/libcsfde.dylib
0x00007fff2e617000 	/System/Library/PrivateFrameworks/ProtectedCloudStorage.framework/Versions/A/ProtectedCloudStorage
0x00007fff331a7000 	/System/Library/PrivateFrameworks/EFILogin.framework/Versions/A/EFILogin
0x00007fff3379c000 	/System/Library/Frameworks/AudioUnit.framework/Versions/A/AudioUnit
0x00007fff30c95000 	/System/Library/Frameworks/CoreBluetooth.framework/Versions/A/CoreBluetooth
0x00007fff2b1bb000 	/usr/lib/libMatch.1.dylib
0x00007fff44168000 	/System/Library/CoreServices/RawCamera.bundle/Contents/MacOS/RawCamera
0x00007fff2d9c6000 	/System/Library/PrivateFrameworks/MobileAsset.framework/Versions/A/MobileAsset
0x00007fff337c1000 	/System/Library/PrivateFrameworks/StreamingZip.framework/Versions/A/StreamingZip
0x00007fff2c168000 	/System/Library/Frameworks/MediaToolbox.framework/Versions/A/MediaToolbox
0x00007fff312ab000 	/System/Library/PrivateFrameworks/CoreAVCHD.framework/Versions/A/CoreAVCHD
0x00007fff3045f000 	/System/Library/Frameworks/MediaAccessibility.framework/Versions/A/MediaAccessibility
0x00007fff312a7000 	/System/Library/PrivateFrameworks/Mangrove.framework/Versions/A/Mangrove
0x00007fff3046b000 	/System/Library/PrivateFrameworks/AlgosScoreFramework.framework/Versions/A/AlgosScoreFramework
0x00007fff31c70000 	/System/Library/PrivateFrameworks/AppleVPA.framework/Versions/A/AppleVPA
0x00007fff30eec000 	/System/Library/PrivateFrameworks/CoreAUC.framework/Versions/A/CoreAUC
0x00007fff41b5a000 	/System/Library/Frameworks/Accelerate.framework/Versions/A/Frameworks/vImage.framework/Versions/A/Libraries/libCGInterfaces.dylib
0x00000001362ca000 	/usr/lib/libobjc-trampolines.dylib
0x00007fff3561c000 	/System/Library/PrivateFrameworks/FamilyControls.framework/Versions/A/FamilyControls
0x00007fff35640000 	/System/Library/PrivateFrameworks/CommerceKit.framework/Versions/A/Frameworks/CommerceCore.framework/Versions/A/CommerceCore
0x00007fff3049c000 	/System/Library/PrivateFrameworks/SystemAdministration.framework/Versions/A/SystemAdministration
0x00007fff2b965000 	/System/Library/PrivateFrameworks/login.framework/Versions/A/login
0x00007fff2fdbb000 	/System/Library/Frameworks/DirectoryService.framework/Versions/A/DirectoryService
0x00007fff3304d000 	/System/Library/PrivateFrameworks/DiskImages.framework/Versions/A/DiskImages
0x00007fff33221000 	/System/Library/PrivateFrameworks/LoginUIKit.framework/Versions/A/Frameworks/LoginUICore.framework/Versions/A/LoginUICore
0x00007fff2baff000 	/usr/lib/libodfde.dylib
0x00007fff331bb000 	/usr/lib/libcurl.4.dylib
0x00007fff32f1b000 	/usr/lib/libcrypto.44.dylib
0x00007fff3301f000 	/usr/lib/libssl.46.dylib
0x00007fff32ee1000 	/System/Library/Frameworks/LDAP.framework/Versions/A/LDAP
0x00007fff32f19000 	/System/Library/PrivateFrameworks/TrustEvaluationAgent.framework/Versions/A/TrustEvaluationAgent
0x00007fff2d029000 	/usr/lib/libsasl2.2.dylib
0x00007fff30490000 	/System/Library/PrivateFrameworks/CoreDaemon.framework/Versions/B/CoreDaemon
0x00007fff3048b000 	/System/Library/PrivateFrameworks/AppleSRP.framework/Versions/A/AppleSRP
0x00007fff27240000 	/System/Library/PrivateFrameworks/ViewBridge.framework/Versions/A/ViewBridge
0x00007fff6cce7000 	/System/Library/Frameworks/OpenGL.framework/Versions/A/Resources/GLEngine.bundle/GLEngine
0x00007fff6cb47000 	/System/Library/Frameworks/OpenGL.framework/Versions/A/Libraries/libGLProgrammability.dylib
0x00007fff5fe77000 	/System/Library/Extensions/AppleIntelKBLGraphicsGLDriver.bundle/Contents/MacOS/AppleIntelKBLGraphicsGLDriver
0x00007fff46e69000 	/System/Library/PrivateFrameworks/GPUSupport.framework/Versions/A/Libraries/libGPUSupportMercury.dylib
0x0000000136b0b000 	/System/Library/Extensions/AMDRadeonX5000GLDriver.bundle/Contents/MacOS/AMDRadeonX5000GLDriver
0x00007fff6f048000 	/System/Library/Extensions/AMDRadeonX5000GLDriver.bundle/Contents/MacOS/ATIRadeonX5000SCLib.dylib
0x00007fff5f11b000 	/System/Library/Extensions/AMDShared.bundle/Contents/PlugIns/libSC.dylib
0x00007fff6ce63000 	/System/Library/Frameworks/OpenGL.framework/Versions/A/Resources/GLRendererFloat.bundle/GLRendererFloat
0x0000000136f63000 	/Library/Internet Plug-Ins/JavaAppletPlugin.plugin/Contents/Home/lib/libfontmanager.dylib
0x000000013729a000 	/Library/Internet Plug-Ins/JavaAppletPlugin.plugin/Contents/Home/lib/libnet.dylib
0x00000001372b1000 	/Library/Internet Plug-Ins/JavaAppletPlugin.plugin/Contents/Home/lib/libnio.dylib

VM Arguments:
jvm_args: -DPLANTUML_LIMIT_SIZE=24384 
java_command: /Users/zhaoweiguo/0backup/3gitdoc/source/plantuml.jar -pipe -charset utf-8 -filename diagram10-2.puml -tsvg
java_class_path (initial): /Users/zhaoweiguo/0backup/3gitdoc/source/plantuml.jar
Launcher Type: SUN_STANDARD

Environment Variables:
JAVA_HOME=/Library/Internet Plug-Ins/JavaAppletPlugin.plugin/Contents/Home
PATH=/Users/zhaoweiguo/9tool/miniconda3/envs/sphinx/bin:/usr/local/homebrew/opt/mongodb@3.6/bin:/Users/zhaoweiguo/bin:/usr/local/homebrew/sbin:/usr/local/homebrew/bin:/Users/zhaoweiguo/8langs/golang/go/bin:/Users/zhaoweiguo/9tool/go/bin:/usr/local/bin:/usr/bin:/bin:/usr/sbin:/sbin:/Applications/VMware Fusion.app/Contents/Public:/Library/Apple/usr/bin:/Applications/Wireshark.app/Contents/MacOS:/usr/local/git/bin:/Users/zhaoweiguo/9tool/miniconda3/condabin:/usr/local/homebrew/opt/mongodb@3.6/bin:/Users/zhaoweiguo/bin:/usr/local/homebrew/sbin:/usr/local/homebrew/bin:/Users/zhaoweiguo/8langs/golang/go/bin:/Users/zhaoweiguo/9tool/go/bin:/Users/zhaoweiguo/.rvm/bin:/Users/zhaoweiguo/.composer/vendor/bin:/Users/zhaoweiguo/.oh-my-zsh/custom/plugins/kubetail:/Users/zhaoweiguo/.rvm/bin:/Users/zhaoweiguo/.composer/vendor/bin:/Users/zhaoweiguo/.oh-my-zsh/custom/plugins/kubetail
SHELL=/bin/zsh
DISPLAY=/private/tmp/com.apple.launchd.wbbpkEoWXd/org.macosforge.xquartz:0

Signal Handlers:
SIGSEGV: [libjvm.dylib+0x5b5de9], sa_mask[0]=11111111011111110111111111111111, sa_flags=SA_ONSTACK|SA_RESTART|SA_SIGINFO
SIGBUS: [libjvm.dylib+0x5b5de9], sa_mask[0]=11111111011111110111111111111111, sa_flags=SA_RESTART|SA_SIGINFO
SIGFPE: [libjvm.dylib+0x48b6b0], sa_mask[0]=11111111011111110111111111111111, sa_flags=SA_RESTART|SA_SIGINFO
SIGPIPE: [libjvm.dylib+0x48b6b0], sa_mask[0]=11111111011111110111111111111111, sa_flags=SA_RESTART|SA_SIGINFO
SIGXFSZ: [libjvm.dylib+0x48b6b0], sa_mask[0]=11111111011111110111111111111111, sa_flags=SA_RESTART|SA_SIGINFO
SIGILL: [libjvm.dylib+0x48b6b0], sa_mask[0]=11111111011111110111111111111111, sa_flags=SA_RESTART|SA_SIGINFO
SIGUSR1: SIG_DFL, sa_mask[0]=00000000000000000000000000000100, sa_flags=SA_RESTART
SIGUSR2: [libjvm.dylib+0x48b1ce], sa_mask[0]=00000000000000000000000000000000, sa_flags=SA_RESTART|SA_SIGINFO
SIGHUP: [libjvm.dylib+0x489759], sa_mask[0]=11111111011111110111111111111111, sa_flags=SA_RESTART|SA_SIGINFO
SIGINT: [libjvm.dylib+0x489759], sa_mask[0]=11111111011111110111111111111111, sa_flags=SA_RESTART|SA_SIGINFO
SIGTERM: [libjvm.dylib+0x489759], sa_mask[0]=11111111011111110111111111111111, sa_flags=SA_RESTART|SA_SIGINFO
SIGQUIT: [libjvm.dylib+0x489759], sa_mask[0]=11111111011111110111111111111111, sa_flags=SA_RESTART|SA_SIGINFO


---------------  S Y S T E M  ---------------

OS:Bsduname:Darwin 20.3.0 Darwin Kernel Version 20.3.0: Thu Jan 21 00:07:06 PST 2021; root:xnu-7195.81.3~1/RELEASE_X86_64 x86_64
rlimit: STACK 8192k, CORE 0k, NPROC 5568, NOFILE 10240, AS infinity
load average:3.03 3.04 3.23

CPU:total 16 (initial active 16) (8 cores per cpu, 2 threads per core) family 6 model 158 stepping 13, cmov, cx8, fxsr, mmx, sse, sse2, sse3, ssse3, sse4.1, sse4.2, popcnt, avx, avx2, aes, clmul, erms, 3dnowpref, lzcnt, ht, tsc, tscinvbit, bmi1, bmi2, adx

Memory: 4k page, physical 33554432k(941264k free)

/proc/meminfo:


vm_info: Java HotSpot(TM) 64-Bit Server VM (25.191-b12) for bsd-amd64 JRE (1.8.0_191-b12), built on Oct  6 2018 08:37:07 by "java_re" with gcc 4.2.1 (Based on Apple Inc. build 5658) (LLVM build 2336.11.00)

time: Tue May 18 04:04:42 2021
elapsed time: 3 seconds (0d 0h 0m 3s)

